[INFO  - 2018-09-12T18:08:52.663Z] GhostDriver - Main - running on port 44718
[INFO  - 2018-09-12T18:08:53.122Z] Session [e83942d0-b6b6-11e8-a1c8-751f2c86ffb1] - page.settings - {"XSSAuditingEnabled":false,"javascriptCanCloseWindows":true,"javascriptCanOpenWindows":true,"javascriptEnabled":true,"loadImages":true,"localToRemoteUrlAccessEnabled":false,"userAgent":"Mozilla/5.0 (Macintosh; Intel Mac OS X) AppleWebKit/538.1 (KHTML, like Gecko) PhantomJS/2.1.1 Safari/538.1","webSecurityEnabled":true}
[INFO  - 2018-09-12T18:08:53.122Z] Session [e83942d0-b6b6-11e8-a1c8-751f2c86ffb1] - page.customHeaders:  - {}
[INFO  - 2018-09-12T18:08:53.122Z] Session [e83942d0-b6b6-11e8-a1c8-751f2c86ffb1] - Session.negotiatedCapabilities - {"browserName":"phantomjs","version":"2.1.1","driverName":"ghostdriver","driverVersion":"1.2.0","platform":"mac-unknown-64bit","javascriptEnabled":true,"takesScreenshot":true,"handlesAlerts":false,"databaseEnabled":false,"locationContextEnabled":false,"applicationCacheEnabled":false,"browserConnectionEnabled":false,"cssSelectorsEnabled":true,"webStorageEnabled":false,"rotatable":false,"acceptSslCerts":false,"nativeEvents":true,"proxy":{"proxyType":"direct"}}
[INFO  - 2018-09-12T18:08:53.122Z] SessionManagerReqHand - _postNewSessionCommand - New Session Created: e83942d0-b6b6-11e8-a1c8-751f2c86ffb1
[ERROR - 2018-09-12T18:09:27.479Z] Session [e83942d0-b6b6-11e8-a1c8-751f2c86ffb1] - page.onError - msg: TypeError: undefined is not an object (evaluating 'Krux('get','user_segments').join')
[ERROR - 2018-09-12T18:09:27.480Z] Session [e83942d0-b6b6-11e8-a1c8-751f2c86ffb1] - page.onError - stack:
  (anonymous function) (http://www.allocine.fr/:7)
[ERROR - 2018-09-12T18:09:27.482Z] Session [e83942d0-b6b6-11e8-a1c8-751f2c86ffb1] - page.onError - msg: TypeError: undefined is not an object (evaluating 'tab_segments.length')
[ERROR - 2018-09-12T18:09:27.482Z] Session [e83942d0-b6b6-11e8-a1c8-751f2c86ffb1] - page.onError - stack:
  (anonymous function) (http://www.allocine.fr/:11)
[ERROR - 2018-09-12T18:12:05.825Z] Session [e83942d0-b6b6-11e8-a1c8-751f2c86ffb1] - page.onError - msg: TypeError: undefined is not an object (evaluating 'Krux('get','user_segments').join')
[ERROR - 2018-09-12T18:12:05.825Z] Session [e83942d0-b6b6-11e8-a1c8-751f2c86ffb1] - page.onError - stack:
  (anonymous function) (http://www.allocine.fr/:7)
[ERROR - 2018-09-12T18:12:05.827Z] Session [e83942d0-b6b6-11e8-a1c8-751f2c86ffb1] - page.onError - msg: TypeError: undefined is not an object (evaluating 'tab_segments.length')
[ERROR - 2018-09-12T18:12:05.827Z] Session [e83942d0-b6b6-11e8-a1c8-751f2c86ffb1] - page.onError - stack:
  (anonymous function) (http://www.allocine.fr/:11)
[ERROR - 2018-09-12T18:12:27.288Z] Session [e83942d0-b6b6-11e8-a1c8-751f2c86ffb1] - page.onError - msg: TypeError: undefined is not an object (evaluating 'Krux('get','user_segments').join')
[ERROR - 2018-09-12T18:12:27.288Z] Session [e83942d0-b6b6-11e8-a1c8-751f2c86ffb1] - page.onError - stack:
  (anonymous function) (http://www.allocine.fr/:7)
[ERROR - 2018-09-12T18:12:27.291Z] Session [e83942d0-b6b6-11e8-a1c8-751f2c86ffb1] - page.onError - msg: TypeError: undefined is not an object (evaluating 'tab_segments.length')
[ERROR - 2018-09-12T18:12:27.291Z] Session [e83942d0-b6b6-11e8-a1c8-751f2c86ffb1] - page.onError - stack:
  (anonymous function) (http://www.allocine.fr/:11)
[ERROR - 2018-09-12T18:12:28.187Z] Session [e83942d0-b6b6-11e8-a1c8-751f2c86ffb1] - page.onError - msg: ReferenceError: Can't find variable: initDynamic
[ERROR - 2018-09-12T18:12:28.187Z] Session [e83942d0-b6b6-11e8-a1c8-751f2c86ffb1] - page.onError - stack:
  init (https://s0.2mdn.net/ads/richmedia/studio/pv2/60122251/20180831090046504/js/logic.js:225)
  init (https://s0.2mdn.net/ads/richmedia/studio/pv2/60122251/20180831090046504/template_300x600.html?e=69&renderingType=2&leftOffset=0&topOffset=0&c=PqIzhx0CN3&t=1:89)
  onload (https://s0.2mdn.net/ads/richmedia/studio/pv2/60122251/20180831090046504/template_300x600.html?e=69&renderingType=2&leftOffset=0&topOffset=0&c=PqIzhx0CN3&t=1:174)
[ERROR - 2018-09-12T18:12:29.828Z] Session [e83942d0-b6b6-11e8-a1c8-751f2c86ffb1] - page.onError - msg: TypeError: undefined is not an object (evaluating 'Krux('get','user_segments').join')
[ERROR - 2018-09-12T18:12:29.828Z] Session [e83942d0-b6b6-11e8-a1c8-751f2c86ffb1] - page.onError - stack:
  (anonymous function) (http://www.allocine.fr/:7)
[ERROR - 2018-09-12T18:12:29.830Z] Session [e83942d0-b6b6-11e8-a1c8-751f2c86ffb1] - page.onError - msg: TypeError: undefined is not an object (evaluating 'tab_segments.length')
[ERROR - 2018-09-12T18:12:29.830Z] Session [e83942d0-b6b6-11e8-a1c8-751f2c86ffb1] - page.onError - stack:
  (anonymous function) (http://www.allocine.fr/:11)
[INFO  - 2018-09-12T18:13:06.683Z] GhostDriver - Main - running on port 31179
[INFO  - 2018-09-12T18:13:06.721Z] Session [7f618cd0-b6b7-11e8-b8d9-bbc60dc725ea] - page.settings - {"XSSAuditingEnabled":false,"javascriptCanCloseWindows":true,"javascriptCanOpenWindows":true,"javascriptEnabled":true,"loadImages":true,"localToRemoteUrlAccessEnabled":false,"userAgent":"Mozilla/5.0 (Macintosh; Intel Mac OS X) AppleWebKit/538.1 (KHTML, like Gecko) PhantomJS/2.1.1 Safari/538.1","webSecurityEnabled":true}
[INFO  - 2018-09-12T18:13:06.721Z] Session [7f618cd0-b6b7-11e8-b8d9-bbc60dc725ea] - page.customHeaders:  - {}
[INFO  - 2018-09-12T18:13:06.721Z] Session [7f618cd0-b6b7-11e8-b8d9-bbc60dc725ea] - Session.negotiatedCapabilities - {"browserName":"phantomjs","version":"2.1.1","driverName":"ghostdriver","driverVersion":"1.2.0","platform":"mac-unknown-64bit","javascriptEnabled":true,"takesScreenshot":true,"handlesAlerts":false,"databaseEnabled":false,"locationContextEnabled":false,"applicationCacheEnabled":false,"browserConnectionEnabled":false,"cssSelectorsEnabled":true,"webStorageEnabled":false,"rotatable":false,"acceptSslCerts":false,"nativeEvents":true,"proxy":{"proxyType":"direct"}}
[INFO  - 2018-09-12T18:13:06.721Z] SessionManagerReqHand - _postNewSessionCommand - New Session Created: 7f618cd0-b6b7-11e8-b8d9-bbc60dc725ea
[INFO  - 2018-09-12T18:13:13.446Z] GhostDriver - Main - running on port 27991
[INFO  - 2018-09-12T18:13:13.490Z] Session [836a6ae0-b6b7-11e8-ac17-436417a72058] - page.settings - {"XSSAuditingEnabled":false,"javascriptCanCloseWindows":true,"javascriptCanOpenWindows":true,"javascriptEnabled":true,"loadImages":true,"localToRemoteUrlAccessEnabled":false,"userAgent":"Mozilla/5.0 (Macintosh; Intel Mac OS X) AppleWebKit/538.1 (KHTML, like Gecko) PhantomJS/2.1.1 Safari/538.1","webSecurityEnabled":true}
[INFO  - 2018-09-12T18:13:13.490Z] Session [836a6ae0-b6b7-11e8-ac17-436417a72058] - page.customHeaders:  - {}
[INFO  - 2018-09-12T18:13:13.490Z] Session [836a6ae0-b6b7-11e8-ac17-436417a72058] - Session.negotiatedCapabilities - {"browserName":"phantomjs","version":"2.1.1","driverName":"ghostdriver","driverVersion":"1.2.0","platform":"mac-unknown-64bit","javascriptEnabled":true,"takesScreenshot":true,"handlesAlerts":false,"databaseEnabled":false,"locationContextEnabled":false,"applicationCacheEnabled":false,"browserConnectionEnabled":false,"cssSelectorsEnabled":true,"webStorageEnabled":false,"rotatable":false,"acceptSslCerts":false,"nativeEvents":true,"proxy":{"proxyType":"direct"}}
[INFO  - 2018-09-12T18:13:13.490Z] SessionManagerReqHand - _postNewSessionCommand - New Session Created: 836a6ae0-b6b7-11e8-ac17-436417a72058
[INFO  - 2018-09-12T18:13:16.462Z] GhostDriver - Main - running on port 28299
[INFO  - 2018-09-12T18:13:16.492Z] Session [85347c80-b6b7-11e8-bb76-05ab9e26c2d4] - page.settings - {"XSSAuditingEnabled":false,"javascriptCanCloseWindows":true,"javascriptCanOpenWindows":true,"javascriptEnabled":true,"loadImages":true,"localToRemoteUrlAccessEnabled":false,"userAgent":"Mozilla/5.0 (Macintosh; Intel Mac OS X) AppleWebKit/538.1 (KHTML, like Gecko) PhantomJS/2.1.1 Safari/538.1","webSecurityEnabled":true}
[INFO  - 2018-09-12T18:13:16.492Z] Session [85347c80-b6b7-11e8-bb76-05ab9e26c2d4] - page.customHeaders:  - {}
[INFO  - 2018-09-12T18:13:16.492Z] Session [85347c80-b6b7-11e8-bb76-05ab9e26c2d4] - Session.negotiatedCapabilities - {"browserName":"phantomjs","version":"2.1.1","driverName":"ghostdriver","driverVersion":"1.2.0","platform":"mac-unknown-64bit","javascriptEnabled":true,"takesScreenshot":true,"handlesAlerts":false,"databaseEnabled":false,"locationContextEnabled":false,"applicationCacheEnabled":false,"browserConnectionEnabled":false,"cssSelectorsEnabled":true,"webStorageEnabled":false,"rotatable":false,"acceptSslCerts":false,"nativeEvents":true,"proxy":{"proxyType":"direct"}}
[INFO  - 2018-09-12T18:13:16.492Z] SessionManagerReqHand - _postNewSessionCommand - New Session Created: 85347c80-b6b7-11e8-bb76-05ab9e26c2d4
[INFO  - 2018-09-12T18:13:52.652Z] SessionManagerReqHand - _cleanupWindowlessSessions - Asynchronous Sessions clean-up phase starting NOW
[INFO  - 2018-09-12T18:14:53.891Z] GhostDriver - Main - running on port 20876
[INFO  - 2018-09-12T18:14:53.924Z] Session [bf476e00-b6b7-11e8-a078-410b8ae8ac46] - page.settings - {"XSSAuditingEnabled":false,"javascriptCanCloseWindows":true,"javascriptCanOpenWindows":true,"javascriptEnabled":true,"loadImages":true,"localToRemoteUrlAccessEnabled":false,"userAgent":"Mozilla/5.0 (Macintosh; Intel Mac OS X) AppleWebKit/538.1 (KHTML, like Gecko) PhantomJS/2.1.1 Safari/538.1","webSecurityEnabled":true}
[INFO  - 2018-09-12T18:14:53.924Z] Session [bf476e00-b6b7-11e8-a078-410b8ae8ac46] - page.customHeaders:  - {}
[INFO  - 2018-09-12T18:14:53.924Z] Session [bf476e00-b6b7-11e8-a078-410b8ae8ac46] - Session.negotiatedCapabilities - {"browserName":"phantomjs","version":"2.1.1","driverName":"ghostdriver","driverVersion":"1.2.0","platform":"mac-unknown-64bit","javascriptEnabled":true,"takesScreenshot":true,"handlesAlerts":false,"databaseEnabled":false,"locationContextEnabled":false,"applicationCacheEnabled":false,"browserConnectionEnabled":false,"cssSelectorsEnabled":true,"webStorageEnabled":false,"rotatable":false,"acceptSslCerts":false,"nativeEvents":true,"proxy":{"proxyType":"direct"}}
[INFO  - 2018-09-12T18:14:53.924Z] SessionManagerReqHand - _postNewSessionCommand - New Session Created: bf476e00-b6b7-11e8-a078-410b8ae8ac46
[ERROR - 2018-09-12T18:14:58.148Z] Session [bf476e00-b6b7-11e8-a078-410b8ae8ac46] - page.onError - msg: TypeError: undefined is not an object (evaluating 'Krux('get','user_segments').join')
[ERROR - 2018-09-12T18:14:58.148Z] Session [bf476e00-b6b7-11e8-a078-410b8ae8ac46] - page.onError - stack:
  (anonymous function) (http://www.allocine.fr/:7)
[ERROR - 2018-09-12T18:14:58.150Z] Session [bf476e00-b6b7-11e8-a078-410b8ae8ac46] - page.onError - msg: TypeError: undefined is not an object (evaluating 'tab_segments.length')
[ERROR - 2018-09-12T18:14:58.150Z] Session [bf476e00-b6b7-11e8-a078-410b8ae8ac46] - page.onError - stack:
  (anonymous function) (http://www.allocine.fr/:11)
[INFO  - 2018-09-12T18:15:18.261Z] GhostDriver - Main - running on port 35407
[INFO  - 2018-09-12T18:15:18.272Z] Session [cdcaa3c0-b6b7-11e8-a56c-cf7f83bd659b] - page.settings - {"XSSAuditingEnabled":false,"javascriptCanCloseWindows":true,"javascriptCanOpenWindows":true,"javascriptEnabled":true,"loadImages":true,"localToRemoteUrlAccessEnabled":false,"userAgent":"Mozilla/5.0 (Macintosh; Intel Mac OS X) AppleWebKit/538.1 (KHTML, like Gecko) PhantomJS/2.1.1 Safari/538.1","webSecurityEnabled":true}
[INFO  - 2018-09-12T18:15:18.272Z] Session [cdcaa3c0-b6b7-11e8-a56c-cf7f83bd659b] - page.customHeaders:  - {}
[INFO  - 2018-09-12T18:15:18.272Z] Session [cdcaa3c0-b6b7-11e8-a56c-cf7f83bd659b] - Session.negotiatedCapabilities - {"browserName":"phantomjs","version":"2.1.1","driverName":"ghostdriver","driverVersion":"1.2.0","platform":"mac-unknown-64bit","javascriptEnabled":true,"takesScreenshot":true,"handlesAlerts":false,"databaseEnabled":false,"locationContextEnabled":false,"applicationCacheEnabled":false,"browserConnectionEnabled":false,"cssSelectorsEnabled":true,"webStorageEnabled":false,"rotatable":false,"acceptSslCerts":false,"nativeEvents":true,"proxy":{"proxyType":"direct"}}
[INFO  - 2018-09-12T18:15:18.272Z] SessionManagerReqHand - _postNewSessionCommand - New Session Created: cdcaa3c0-b6b7-11e8-a56c-cf7f83bd659b
[ERROR - 2018-09-12T18:15:22.173Z] Session [cdcaa3c0-b6b7-11e8-a56c-cf7f83bd659b] - page.onError - msg: TypeError: undefined is not an object (evaluating 'Krux('get','user_segments').join')
[ERROR - 2018-09-12T18:15:22.173Z] Session [cdcaa3c0-b6b7-11e8-a56c-cf7f83bd659b] - page.onError - stack:
  (anonymous function) (http://www.allocine.fr/:7)
[ERROR - 2018-09-12T18:15:22.175Z] Session [cdcaa3c0-b6b7-11e8-a56c-cf7f83bd659b] - page.onError - msg: TypeError: undefined is not an object (evaluating 'tab_segments.length')
[ERROR - 2018-09-12T18:15:22.176Z] Session [cdcaa3c0-b6b7-11e8-a56c-cf7f83bd659b] - page.onError - stack:
  (anonymous function) (http://www.allocine.fr/:11)
[INFO  - 2018-09-12T18:15:39.934Z] GhostDriver - Main - running on port 31279
[INFO  - 2018-09-12T18:15:39.976Z] Session [daba4130-b6b7-11e8-851e-5b0d9342316e] - page.settings - {"XSSAuditingEnabled":false,"javascriptCanCloseWindows":true,"javascriptCanOpenWindows":true,"javascriptEnabled":true,"loadImages":true,"localToRemoteUrlAccessEnabled":false,"userAgent":"Mozilla/5.0 (Macintosh; Intel Mac OS X) AppleWebKit/538.1 (KHTML, like Gecko) PhantomJS/2.1.1 Safari/538.1","webSecurityEnabled":true}
[INFO  - 2018-09-12T18:15:39.976Z] Session [daba4130-b6b7-11e8-851e-5b0d9342316e] - page.customHeaders:  - {}
[INFO  - 2018-09-12T18:15:39.976Z] Session [daba4130-b6b7-11e8-851e-5b0d9342316e] - Session.negotiatedCapabilities - {"browserName":"phantomjs","version":"2.1.1","driverName":"ghostdriver","driverVersion":"1.2.0","platform":"mac-unknown-64bit","javascriptEnabled":true,"takesScreenshot":true,"handlesAlerts":false,"databaseEnabled":false,"locationContextEnabled":false,"applicationCacheEnabled":false,"browserConnectionEnabled":false,"cssSelectorsEnabled":true,"webStorageEnabled":false,"rotatable":false,"acceptSslCerts":false,"nativeEvents":true,"proxy":{"proxyType":"direct"}}
[INFO  - 2018-09-12T18:15:39.976Z] SessionManagerReqHand - _postNewSessionCommand - New Session Created: daba4130-b6b7-11e8-851e-5b0d9342316e
[ERROR - 2018-09-12T18:15:45.562Z] Session [daba4130-b6b7-11e8-851e-5b0d9342316e] - page.onError - msg: TypeError: undefined is not an object (evaluating 'Krux('get','user_segments').join')
[ERROR - 2018-09-12T18:15:45.563Z] Session [daba4130-b6b7-11e8-851e-5b0d9342316e] - page.onError - stack:
  (anonymous function) (http://www.allocine.fr/:7)
[ERROR - 2018-09-12T18:15:45.565Z] Session [daba4130-b6b7-11e8-851e-5b0d9342316e] - page.onError - msg: TypeError: undefined is not an object (evaluating 'tab_segments.length')
[ERROR - 2018-09-12T18:15:45.565Z] Session [daba4130-b6b7-11e8-851e-5b0d9342316e] - page.onError - stack:
  (anonymous function) (http://www.allocine.fr/:11)
[INFO  - 2018-09-12T18:15:58.908Z] GhostDriver - Main - running on port 39324
[INFO  - 2018-09-12T18:15:58.960Z] Session [e60b22c0-b6b7-11e8-949e-3bd7cefc1d57] - page.settings - {"XSSAuditingEnabled":false,"javascriptCanCloseWindows":true,"javascriptCanOpenWindows":true,"javascriptEnabled":true,"loadImages":true,"localToRemoteUrlAccessEnabled":false,"userAgent":"Mozilla/5.0 (Macintosh; Intel Mac OS X) AppleWebKit/538.1 (KHTML, like Gecko) PhantomJS/2.1.1 Safari/538.1","webSecurityEnabled":true}
[INFO  - 2018-09-12T18:15:58.960Z] Session [e60b22c0-b6b7-11e8-949e-3bd7cefc1d57] - page.customHeaders:  - {}
[INFO  - 2018-09-12T18:15:58.960Z] Session [e60b22c0-b6b7-11e8-949e-3bd7cefc1d57] - Session.negotiatedCapabilities - {"browserName":"phantomjs","version":"2.1.1","driverName":"ghostdriver","driverVersion":"1.2.0","platform":"mac-unknown-64bit","javascriptEnabled":true,"takesScreenshot":true,"handlesAlerts":false,"databaseEnabled":false,"locationContextEnabled":false,"applicationCacheEnabled":false,"browserConnectionEnabled":false,"cssSelectorsEnabled":true,"webStorageEnabled":false,"rotatable":false,"acceptSslCerts":false,"nativeEvents":true,"proxy":{"proxyType":"direct"}}
[INFO  - 2018-09-12T18:15:58.960Z] SessionManagerReqHand - _postNewSessionCommand - New Session Created: e60b22c0-b6b7-11e8-949e-3bd7cefc1d57
[ERROR - 2018-09-12T18:16:02.963Z] Session [e60b22c0-b6b7-11e8-949e-3bd7cefc1d57] - page.onError - msg: TypeError: undefined is not an object (evaluating 'Krux('get','user_segments').join')
[ERROR - 2018-09-12T18:16:02.963Z] Session [e60b22c0-b6b7-11e8-949e-3bd7cefc1d57] - page.onError - stack:
  (anonymous function) (http://www.allocine.fr/:7)
[ERROR - 2018-09-12T18:16:02.965Z] Session [e60b22c0-b6b7-11e8-949e-3bd7cefc1d57] - page.onError - msg: TypeError: undefined is not an object (evaluating 'tab_segments.length')
[ERROR - 2018-09-12T18:16:02.965Z] Session [e60b22c0-b6b7-11e8-949e-3bd7cefc1d57] - page.onError - stack:
  (anonymous function) (http://www.allocine.fr/:11)
[INFO  - 2018-09-12T18:16:55.323Z] GhostDriver - Main - running on port 20906
[INFO  - 2018-09-12T18:16:55.354Z] Session [07a82d60-b6b8-11e8-9225-175e34c80e26] - page.settings - {"XSSAuditingEnabled":false,"javascriptCanCloseWindows":true,"javascriptCanOpenWindows":true,"javascriptEnabled":true,"loadImages":true,"localToRemoteUrlAccessEnabled":false,"userAgent":"Mozilla/5.0 (Macintosh; Intel Mac OS X) AppleWebKit/538.1 (KHTML, like Gecko) PhantomJS/2.1.1 Safari/538.1","webSecurityEnabled":true}
[INFO  - 2018-09-12T18:16:55.354Z] Session [07a82d60-b6b8-11e8-9225-175e34c80e26] - page.customHeaders:  - {}
[INFO  - 2018-09-12T18:16:55.354Z] Session [07a82d60-b6b8-11e8-9225-175e34c80e26] - Session.negotiatedCapabilities - {"browserName":"phantomjs","version":"2.1.1","driverName":"ghostdriver","driverVersion":"1.2.0","platform":"mac-unknown-64bit","javascriptEnabled":true,"takesScreenshot":true,"handlesAlerts":false,"databaseEnabled":false,"locationContextEnabled":false,"applicationCacheEnabled":false,"browserConnectionEnabled":false,"cssSelectorsEnabled":true,"webStorageEnabled":false,"rotatable":false,"acceptSslCerts":false,"nativeEvents":true,"proxy":{"proxyType":"direct"}}
[INFO  - 2018-09-12T18:16:55.355Z] SessionManagerReqHand - _postNewSessionCommand - New Session Created: 07a82d60-b6b8-11e8-9225-175e34c80e26
[ERROR - 2018-09-12T18:16:59.270Z] Session [07a82d60-b6b8-11e8-9225-175e34c80e26] - page.onError - msg: TypeError: undefined is not an object (evaluating 'Krux('get','user_segments').join')
[ERROR - 2018-09-12T18:16:59.270Z] Session [07a82d60-b6b8-11e8-9225-175e34c80e26] - page.onError - stack:
  (anonymous function) (http://www.allocine.fr/:7)
[ERROR - 2018-09-12T18:16:59.272Z] Session [07a82d60-b6b8-11e8-9225-175e34c80e26] - page.onError - msg: TypeError: undefined is not an object (evaluating 'tab_segments.length')
[ERROR - 2018-09-12T18:16:59.272Z] Session [07a82d60-b6b8-11e8-9225-175e34c80e26] - page.onError - stack:
  (anonymous function) (http://www.allocine.fr/:11)
[INFO  - 2018-09-12T18:18:07.123Z] SessionManagerReqHand - _cleanupWindowlessSessions - Asynchronous Sessions clean-up phase starting NOW
[INFO  - 2018-09-12T18:18:13.447Z] SessionManagerReqHand - _cleanupWindowlessSessions - Asynchronous Sessions clean-up phase starting NOW
[INFO  - 2018-09-12T18:18:16.451Z] SessionManagerReqHand - _cleanupWindowlessSessions - Asynchronous Sessions clean-up phase starting NOW
[INFO  - 2018-09-12T18:18:27.653Z] GhostDriver - Main - running on port 32775
[INFO  - 2018-09-12T18:18:27.681Z] Session [3eb028d0-b6b8-11e8-bb02-c7852d98132d] - page.settings - {"XSSAuditingEnabled":false,"javascriptCanCloseWindows":true,"javascriptCanOpenWindows":true,"javascriptEnabled":true,"loadImages":true,"localToRemoteUrlAccessEnabled":false,"userAgent":"Mozilla/5.0 (Macintosh; Intel Mac OS X) AppleWebKit/538.1 (KHTML, like Gecko) PhantomJS/2.1.1 Safari/538.1","webSecurityEnabled":true}
[INFO  - 2018-09-12T18:18:27.681Z] Session [3eb028d0-b6b8-11e8-bb02-c7852d98132d] - page.customHeaders:  - {}
[INFO  - 2018-09-12T18:18:27.681Z] Session [3eb028d0-b6b8-11e8-bb02-c7852d98132d] - Session.negotiatedCapabilities - {"browserName":"phantomjs","version":"2.1.1","driverName":"ghostdriver","driverVersion":"1.2.0","platform":"mac-unknown-64bit","javascriptEnabled":true,"takesScreenshot":true,"handlesAlerts":false,"databaseEnabled":false,"locationContextEnabled":false,"applicationCacheEnabled":false,"browserConnectionEnabled":false,"cssSelectorsEnabled":true,"webStorageEnabled":false,"rotatable":false,"acceptSslCerts":false,"nativeEvents":true,"proxy":{"proxyType":"direct"}}
[INFO  - 2018-09-12T18:18:27.681Z] SessionManagerReqHand - _postNewSessionCommand - New Session Created: 3eb028d0-b6b8-11e8-bb02-c7852d98132d
[ERROR - 2018-09-12T18:18:31.746Z] Session [3eb028d0-b6b8-11e8-bb02-c7852d98132d] - page.onError - msg: TypeError: undefined is not an object (evaluating 'Krux('get','user_segments').join')
[ERROR - 2018-09-12T18:18:31.746Z] Session [3eb028d0-b6b8-11e8-bb02-c7852d98132d] - page.onError - stack:
  (anonymous function) (http://www.allocine.fr/:7)
[ERROR - 2018-09-12T18:18:31.749Z] Session [3eb028d0-b6b8-11e8-bb02-c7852d98132d] - page.onError - msg: TypeError: undefined is not an object (evaluating 'tab_segments.length')
[ERROR - 2018-09-12T18:18:31.749Z] Session [3eb028d0-b6b8-11e8-bb02-c7852d98132d] - page.onError - stack:
  (anonymous function) (http://www.allocine.fr/:11)
[INFO  - 2018-09-12T18:18:52.643Z] SessionManagerReqHand - _cleanupWindowlessSessions - Asynchronous Sessions clean-up phase starting NOW
[INFO  - 2018-09-12T18:19:53.883Z] SessionManagerReqHand - _cleanupWindowlessSessions - Asynchronous Sessions clean-up phase starting NOW
[INFO  - 2018-09-12T18:20:18.250Z] SessionManagerReqHand - _cleanupWindowlessSessions - Asynchronous Sessions clean-up phase starting NOW
[INFO  - 2018-09-12T18:20:39.924Z] SessionManagerReqHand - _cleanupWindowlessSessions - Asynchronous Sessions clean-up phase starting NOW
[INFO  - 2018-09-12T18:20:58.900Z] SessionManagerReqHand - _cleanupWindowlessSessions - Asynchronous Sessions clean-up phase starting NOW
[INFO  - 2018-09-12T18:21:55.316Z] SessionManagerReqHand - _cleanupWindowlessSessions - Asynchronous Sessions clean-up phase starting NOW
[INFO  - 2018-09-12T18:23:07.113Z] SessionManagerReqHand - _cleanupWindowlessSessions - Asynchronous Sessions clean-up phase starting NOW
[INFO  - 2018-09-12T18:23:13.437Z] SessionManagerReqHand - _cleanupWindowlessSessions - Asynchronous Sessions clean-up phase starting NOW
[INFO  - 2018-09-12T18:23:16.442Z] SessionManagerReqHand - _cleanupWindowlessSessions - Asynchronous Sessions clean-up phase starting NOW
[INFO  - 2018-09-12T18:23:27.642Z] SessionManagerReqHand - _cleanupWindowlessSessions - Asynchronous Sessions clean-up phase starting NOW
[INFO  - 2018-09-12T18:23:52.634Z] SessionManagerReqHand - _cleanupWindowlessSessions - Asynchronous Sessions clean-up phase starting NOW
[INFO  - 2018-09-12T18:24:53.873Z] SessionManagerReqHand - _cleanupWindowlessSessions - Asynchronous Sessions clean-up phase starting NOW
[INFO  - 2018-09-12T18:25:18.243Z] SessionManagerReqHand - _cleanupWindowlessSessions - Asynchronous Sessions clean-up phase starting NOW
[INFO  - 2018-09-12T18:25:39.919Z] SessionManagerReqHand - _cleanupWindowlessSessions - Asynchronous Sessions clean-up phase starting NOW
[INFO  - 2018-09-12T18:25:58.892Z] SessionManagerReqHand - _cleanupWindowlessSessions - Asynchronous Sessions clean-up phase starting NOW
[INFO  - 2018-09-12T18:26:55.306Z] SessionManagerReqHand - _cleanupWindowlessSessions - Asynchronous Sessions clean-up phase starting NOW
[INFO  - 2018-09-12T18:28:07.103Z] SessionManagerReqHand - _cleanupWindowlessSessions - Asynchronous Sessions clean-up phase starting NOW
[INFO  - 2018-09-12T18:28:13.428Z] SessionManagerReqHand - _cleanupWindowlessSessions - Asynchronous Sessions clean-up phase starting NOW
[INFO  - 2018-09-12T18:28:16.433Z] SessionManagerReqHand - _cleanupWindowlessSessions - Asynchronous Sessions clean-up phase starting NOW
[INFO  - 2018-09-12T18:28:27.634Z] SessionManagerReqHand - _cleanupWindowlessSessions - Asynchronous Sessions clean-up phase starting NOW
[INFO  - 2018-09-12T18:28:52.625Z] SessionManagerReqHand - _cleanupWindowlessSessions - Asynchronous Sessions clean-up phase starting NOW
[INFO  - 2018-09-12T18:29:53.865Z] SessionManagerReqHand - _cleanupWindowlessSessions - Asynchronous Sessions clean-up phase starting NOW
[INFO  - 2018-09-12T18:30:18.234Z] SessionManagerReqHand - _cleanupWindowlessSessions - Asynchronous Sessions clean-up phase starting NOW
[INFO  - 2018-09-12T18:30:39.910Z] SessionManagerReqHand - _cleanupWindowlessSessions - Asynchronous Sessions clean-up phase starting NOW
[INFO  - 2018-09-12T18:30:58.883Z] SessionManagerReqHand - _cleanupWindowlessSessions - Asynchronous Sessions clean-up phase starting NOW
[INFO  - 2018-09-12T18:31:55.296Z] SessionManagerReqHand - _cleanupWindowlessSessions - Asynchronous Sessions clean-up phase starting NOW
[INFO  - 2018-09-12T18:33:07.097Z] SessionManagerReqHand - _cleanupWindowlessSessions - Asynchronous Sessions clean-up phase starting NOW
[INFO  - 2018-09-12T18:33:13.421Z] SessionManagerReqHand - _cleanupWindowlessSessions - Asynchronous Sessions clean-up phase starting NOW
[INFO  - 2018-09-12T18:33:16.424Z] SessionManagerReqHand - _cleanupWindowlessSessions - Asynchronous Sessions clean-up phase starting NOW
[INFO  - 2018-09-12T18:33:27.625Z] SessionManagerReqHand - _cleanupWindowlessSessions - Asynchronous Sessions clean-up phase starting NOW
[INFO  - 2018-09-12T18:33:52.618Z] SessionManagerReqHand - _cleanupWindowlessSessions - Asynchronous Sessions clean-up phase starting NOW
[INFO  - 2018-09-12T18:34:53.859Z] SessionManagerReqHand - _cleanupWindowlessSessions - Asynchronous Sessions clean-up phase starting NOW
[INFO  - 2018-09-12T18:35:18.230Z] SessionManagerReqHand - _cleanupWindowlessSessions - Asynchronous Sessions clean-up phase starting NOW
[INFO  - 2018-09-12T18:35:39.900Z] SessionManagerReqHand - _cleanupWindowlessSessions - Asynchronous Sessions clean-up phase starting NOW
[INFO  - 2018-09-12T18:35:58.874Z] SessionManagerReqHand - _cleanupWindowlessSessions - Asynchronous Sessions clean-up phase starting NOW
[INFO  - 2018-09-12T18:36:55.287Z] SessionManagerReqHand - _cleanupWindowlessSessions - Asynchronous Sessions clean-up phase starting NOW
[INFO  - 2018-09-12T18:38:07.088Z] SessionManagerReqHand - _cleanupWindowlessSessions - Asynchronous Sessions clean-up phase starting NOW
[INFO  - 2018-09-12T18:38:13.411Z] SessionManagerReqHand - _cleanupWindowlessSessions - Asynchronous Sessions clean-up phase starting NOW
[INFO  - 2018-09-12T18:38:16.415Z] SessionManagerReqHand - _cleanupWindowlessSessions - Asynchronous Sessions clean-up phase starting NOW
[INFO  - 2018-09-12T18:38:27.617Z] SessionManagerReqHand - _cleanupWindowlessSessions - Asynchronous Sessions clean-up phase starting NOW
[INFO  - 2018-09-12T18:38:52.608Z] SessionManagerReqHand - _cleanupWindowlessSessions - Asynchronous Sessions clean-up phase starting NOW
[INFO  - 2018-09-12T18:39:53.849Z] SessionManagerReqHand - _cleanupWindowlessSessions - Asynchronous Sessions clean-up phase starting NOW
[INFO  - 2018-09-12T18:40:18.220Z] SessionManagerReqHand - _cleanupWindowlessSessions - Asynchronous Sessions clean-up phase starting NOW
[INFO  - 2018-09-12T18:40:39.890Z] SessionManagerReqHand - _cleanupWindowlessSessions - Asynchronous Sessions clean-up phase starting NOW
[INFO  - 2018-09-12T18:40:58.864Z] SessionManagerReqHand - _cleanupWindowlessSessions - Asynchronous Sessions clean-up phase starting NOW
[INFO  - 2018-09-12T18:41:55.279Z] SessionManagerReqHand - _cleanupWindowlessSessions - Asynchronous Sessions clean-up phase starting NOW
[INFO  - 2018-09-12T18:43:07.079Z] SessionManagerReqHand - _cleanupWindowlessSessions - Asynchronous Sessions clean-up phase starting NOW
[INFO  - 2018-09-12T18:43:13.402Z] SessionManagerReqHand - _cleanupWindowlessSessions - Asynchronous Sessions clean-up phase starting NOW
[INFO  - 2018-09-12T18:43:16.405Z] SessionManagerReqHand - _cleanupWindowlessSessions - Asynchronous Sessions clean-up phase starting NOW
[INFO  - 2018-09-12T18:43:27.610Z] SessionManagerReqHand - _cleanupWindowlessSessions - Asynchronous Sessions clean-up phase starting NOW
[INFO  - 2018-09-12T18:43:52.602Z] SessionManagerReqHand - _cleanupWindowlessSessions - Asynchronous Sessions clean-up phase starting NOW
[INFO  - 2018-09-12T18:44:53.839Z] SessionManagerReqHand - _cleanupWindowlessSessions - Asynchronous Sessions clean-up phase starting NOW
[INFO  - 2018-09-12T18:45:18.212Z] SessionManagerReqHand - _cleanupWindowlessSessions - Asynchronous Sessions clean-up phase starting NOW
[INFO  - 2018-09-12T18:45:39.880Z] SessionManagerReqHand - _cleanupWindowlessSessions - Asynchronous Sessions clean-up phase starting NOW
[INFO  - 2018-09-12T18:45:58.859Z] SessionManagerReqHand - _cleanupWindowlessSessions - Asynchronous Sessions clean-up phase starting NOW
[INFO  - 2018-09-12T18:46:55.273Z] SessionManagerReqHand - _cleanupWindowlessSessions - Asynchronous Sessions clean-up phase starting NOW
[INFO  - 2018-09-12T18:48:07.069Z] SessionManagerReqHand - _cleanupWindowlessSessions - Asynchronous Sessions clean-up phase starting NOW
[INFO  - 2018-09-12T18:48:13.393Z] SessionManagerReqHand - _cleanupWindowlessSessions - Asynchronous Sessions clean-up phase starting NOW
[INFO  - 2018-09-12T18:48:16.396Z] SessionManagerReqHand - _cleanupWindowlessSessions - Asynchronous Sessions clean-up phase starting NOW
[INFO  - 2018-09-12T18:48:27.600Z] SessionManagerReqHand - _cleanupWindowlessSessions - Asynchronous Sessions clean-up phase starting NOW
[INFO  - 2018-09-12T18:48:52.593Z] SessionManagerReqHand - _cleanupWindowlessSessions - Asynchronous Sessions clean-up phase starting NOW
[INFO  - 2018-09-12T18:49:53.830Z] SessionManagerReqHand - _cleanupWindowlessSessions - Asynchronous Sessions clean-up phase starting NOW
[INFO  - 2018-09-12T18:50:18.202Z] SessionManagerReqHand - _cleanupWindowlessSessions - Asynchronous Sessions clean-up phase starting NOW
[INFO  - 2018-09-12T18:50:39.875Z] SessionManagerReqHand - _cleanupWindowlessSessions - Asynchronous Sessions clean-up phase starting NOW
[INFO  - 2018-09-12T18:50:58.853Z] SessionManagerReqHand - _cleanupWindowlessSessions - Asynchronous Sessions clean-up phase starting NOW
[INFO  - 2018-09-12T18:51:55.267Z] SessionManagerReqHand - _cleanupWindowlessSessions - Asynchronous Sessions clean-up phase starting NOW
[INFO  - 2018-09-12T18:53:07.061Z] SessionManagerReqHand - _cleanupWindowlessSessions - Asynchronous Sessions clean-up phase starting NOW
[INFO  - 2018-09-12T18:53:13.383Z] SessionManagerReqHand - _cleanupWindowlessSessions - Asynchronous Sessions clean-up phase starting NOW
[INFO  - 2018-09-12T18:53:16.387Z] SessionManagerReqHand - _cleanupWindowlessSessions - Asynchronous Sessions clean-up phase starting NOW
[INFO  - 2018-09-12T18:53:27.590Z] SessionManagerReqHand - _cleanupWindowlessSessions - Asynchronous Sessions clean-up phase starting NOW
[INFO  - 2018-09-12T18:53:52.588Z] SessionManagerReqHand - _cleanupWindowlessSessions - Asynchronous Sessions clean-up phase starting NOW
[INFO  - 2018-09-12T18:54:53.824Z] SessionManagerReqHand - _cleanupWindowlessSessions - Asynchronous Sessions clean-up phase starting NOW
[INFO  - 2018-09-12T18:55:18.193Z] SessionManagerReqHand - _cleanupWindowlessSessions - Asynchronous Sessions clean-up phase starting NOW
[INFO  - 2018-09-12T18:55:39.865Z] SessionManagerReqHand - _cleanupWindowlessSessions - Asynchronous Sessions clean-up phase starting NOW
[INFO  - 2018-09-12T18:55:58.847Z] SessionManagerReqHand - _cleanupWindowlessSessions - Asynchronous Sessions clean-up phase starting NOW
[INFO  - 2018-09-12T18:56:55.258Z] SessionManagerReqHand - _cleanupWindowlessSessions - Asynchronous Sessions clean-up phase starting NOW
[INFO  - 2018-09-12T18:58:07.052Z] SessionManagerReqHand - _cleanupWindowlessSessions - Asynchronous Sessions clean-up phase starting NOW
[INFO  - 2018-09-12T18:58:13.373Z] SessionManagerReqHand - _cleanupWindowlessSessions - Asynchronous Sessions clean-up phase starting NOW
[INFO  - 2018-09-12T18:58:16.377Z] SessionManagerReqHand - _cleanupWindowlessSessions - Asynchronous Sessions clean-up phase starting NOW
[INFO  - 2018-09-12T18:58:27.581Z] SessionManagerReqHand - _cleanupWindowlessSessions - Asynchronous Sessions clean-up phase starting NOW
[INFO  - 2018-09-12T18:58:52.580Z] SessionManagerReqHand - _cleanupWindowlessSessions - Asynchronous Sessions clean-up phase starting NOW
[INFO  - 2018-09-12T18:59:53.816Z] SessionManagerReqHand - _cleanupWindowlessSessions - Asynchronous Sessions clean-up phase starting NOW
[INFO  - 2018-09-12T19:00:18.185Z] SessionManagerReqHand - _cleanupWindowlessSessions - Asynchronous Sessions clean-up phase starting NOW
[INFO  - 2018-09-12T19:00:39.856Z] SessionManagerReqHand - _cleanupWindowlessSessions - Asynchronous Sessions clean-up phase starting NOW
[INFO  - 2018-09-12T19:00:58.839Z] SessionManagerReqHand - _cleanupWindowlessSessions - Asynchronous Sessions clean-up phase starting NOW
[INFO  - 2018-09-12T19:01:55.249Z] SessionManagerReqHand - _cleanupWindowlessSessions - Asynchronous Sessions clean-up phase starting NOW
[INFO  - 2018-09-12T19:03:07.043Z] SessionManagerReqHand - _cleanupWindowlessSessions - Asynchronous Sessions clean-up phase starting NOW
[INFO  - 2018-09-12T19:03:13.365Z] SessionManagerReqHand - _cleanupWindowlessSessions - Asynchronous Sessions clean-up phase starting NOW
[INFO  - 2018-09-12T19:03:16.368Z] SessionManagerReqHand - _cleanupWindowlessSessions - Asynchronous Sessions clean-up phase starting NOW
[INFO  - 2018-09-12T19:03:27.573Z] SessionManagerReqHand - _cleanupWindowlessSessions - Asynchronous Sessions clean-up phase starting NOW
[INFO  - 2018-09-12T19:03:52.572Z] SessionManagerReqHand - _cleanupWindowlessSessions - Asynchronous Sessions clean-up phase starting NOW
[INFO  - 2018-09-12T19:04:42.277Z] GhostDriver - Main - running on port 7186
[INFO  - 2018-09-12T19:04:42.293Z] GhostDriver - Main - running on port 26315
[INFO  - 2018-09-12T19:04:42.327Z] Session [b4818a30-b6be-11e8-afb3-738e2037fd91] - page.settings - {"XSSAuditingEnabled":false,"javascriptCanCloseWindows":true,"javascriptCanOpenWindows":true,"javascriptEnabled":true,"loadImages":true,"localToRemoteUrlAccessEnabled":false,"userAgent":"Mozilla/5.0 (Macintosh; Intel Mac OS X) AppleWebKit/538.1 (KHTML, like Gecko) PhantomJS/2.1.1 Safari/538.1","webSecurityEnabled":true}
[INFO  - 2018-09-12T19:04:42.327Z] Session [b4818a30-b6be-11e8-afb3-738e2037fd91] - page.customHeaders:  - {}
[INFO  - 2018-09-12T19:04:42.327Z] Session [b4818a30-b6be-11e8-afb3-738e2037fd91] - Session.negotiatedCapabilities - {"browserName":"phantomjs","version":"2.1.1","driverName":"ghostdriver","driverVersion":"1.2.0","platform":"mac-unknown-64bit","javascriptEnabled":true,"takesScreenshot":true,"handlesAlerts":false,"databaseEnabled":false,"locationContextEnabled":false,"applicationCacheEnabled":false,"browserConnectionEnabled":false,"cssSelectorsEnabled":true,"webStorageEnabled":false,"rotatable":false,"acceptSslCerts":false,"nativeEvents":true,"proxy":{"proxyType":"direct"}}
[INFO  - 2018-09-12T19:04:42.327Z] SessionManagerReqHand - _postNewSessionCommand - New Session Created: b4818a30-b6be-11e8-afb3-738e2037fd91
[INFO  - 2018-09-12T19:04:42.346Z] Session [b4847060-b6be-11e8-894e-6b5e4466edcd] - page.settings - {"XSSAuditingEnabled":false,"javascriptCanCloseWindows":true,"javascriptCanOpenWindows":true,"javascriptEnabled":true,"loadImages":true,"localToRemoteUrlAccessEnabled":false,"userAgent":"Mozilla/5.0 (Macintosh; Intel Mac OS X) AppleWebKit/538.1 (KHTML, like Gecko) PhantomJS/2.1.1 Safari/538.1","webSecurityEnabled":true}
[INFO  - 2018-09-12T19:04:42.346Z] Session [b4847060-b6be-11e8-894e-6b5e4466edcd] - page.customHeaders:  - {}
[INFO  - 2018-09-12T19:04:42.346Z] Session [b4847060-b6be-11e8-894e-6b5e4466edcd] - Session.negotiatedCapabilities - {"browserName":"phantomjs","version":"2.1.1","driverName":"ghostdriver","driverVersion":"1.2.0","platform":"mac-unknown-64bit","javascriptEnabled":true,"takesScreenshot":true,"handlesAlerts":false,"databaseEnabled":false,"locationContextEnabled":false,"applicationCacheEnabled":false,"browserConnectionEnabled":false,"cssSelectorsEnabled":true,"webStorageEnabled":false,"rotatable":false,"acceptSslCerts":false,"nativeEvents":true,"proxy":{"proxyType":"direct"}}
[INFO  - 2018-09-12T19:04:42.346Z] SessionManagerReqHand - _postNewSessionCommand - New Session Created: b4847060-b6be-11e8-894e-6b5e4466edcd
[ERROR - 2018-09-12T19:04:48.830Z] Session [b4847060-b6be-11e8-894e-6b5e4466edcd] - page.onError - msg: TypeError: undefined is not an object (evaluating 'Krux('get','user_segments').join')
[ERROR - 2018-09-12T19:04:48.830Z] Session [b4847060-b6be-11e8-894e-6b5e4466edcd] - page.onError - stack:
  (anonymous function) (http://www.allocine.fr/:7)
[ERROR - 2018-09-12T19:04:48.832Z] Session [b4847060-b6be-11e8-894e-6b5e4466edcd] - page.onError - msg: TypeError: undefined is not an object (evaluating 'tab_segments.length')
[ERROR - 2018-09-12T19:04:48.833Z] Session [b4847060-b6be-11e8-894e-6b5e4466edcd] - page.onError - stack:
  (anonymous function) (http://www.allocine.fr/:11)
[ERROR - 2018-09-12T19:04:48.967Z] Session [b4818a30-b6be-11e8-afb3-738e2037fd91] - page.onError - msg: TypeError: undefined is not an object (evaluating 'Krux('get','user_segments').join')
[ERROR - 2018-09-12T19:04:48.967Z] Session [b4818a30-b6be-11e8-afb3-738e2037fd91] - page.onError - stack:
  (anonymous function) (http://www.allocine.fr/:7)
[ERROR - 2018-09-12T19:04:48.969Z] Session [b4818a30-b6be-11e8-afb3-738e2037fd91] - page.onError - msg: TypeError: undefined is not an object (evaluating 'tab_segments.length')
[ERROR - 2018-09-12T19:04:48.969Z] Session [b4818a30-b6be-11e8-afb3-738e2037fd91] - page.onError - stack:
  (anonymous function) (http://www.allocine.fr/:11)
[INFO  - 2018-09-12T19:04:53.806Z] SessionManagerReqHand - _cleanupWindowlessSessions - Asynchronous Sessions clean-up phase starting NOW
[INFO  - 2018-09-12T19:05:07.290Z] GhostDriver - Main - running on port 14294
[INFO  - 2018-09-12T19:05:07.315Z] Session [c36640e0-b6be-11e8-bc74-8d99a7135914] - page.settings - {"XSSAuditingEnabled":false,"javascriptCanCloseWindows":true,"javascriptCanOpenWindows":true,"javascriptEnabled":true,"loadImages":true,"localToRemoteUrlAccessEnabled":false,"userAgent":"Mozilla/5.0 (Macintosh; Intel Mac OS X) AppleWebKit/538.1 (KHTML, like Gecko) PhantomJS/2.1.1 Safari/538.1","webSecurityEnabled":true}
[INFO  - 2018-09-12T19:05:07.315Z] Session [c36640e0-b6be-11e8-bc74-8d99a7135914] - page.customHeaders:  - {}
[INFO  - 2018-09-12T19:05:07.315Z] Session [c36640e0-b6be-11e8-bc74-8d99a7135914] - Session.negotiatedCapabilities - {"browserName":"phantomjs","version":"2.1.1","driverName":"ghostdriver","driverVersion":"1.2.0","platform":"mac-unknown-64bit","javascriptEnabled":true,"takesScreenshot":true,"handlesAlerts":false,"databaseEnabled":false,"locationContextEnabled":false,"applicationCacheEnabled":false,"browserConnectionEnabled":false,"cssSelectorsEnabled":true,"webStorageEnabled":false,"rotatable":false,"acceptSslCerts":false,"nativeEvents":true,"proxy":{"proxyType":"direct"}}
[INFO  - 2018-09-12T19:05:07.315Z] SessionManagerReqHand - _postNewSessionCommand - New Session Created: c36640e0-b6be-11e8-bc74-8d99a7135914
[INFO  - 2018-09-12T19:05:09.861Z] GhostDriver - Main - running on port 12045
[INFO  - 2018-09-12T19:05:10.371Z] Session [c538b6f0-b6be-11e8-a1a1-09029b55cd6d] - page.settings - {"XSSAuditingEnabled":false,"javascriptCanCloseWindows":true,"javascriptCanOpenWindows":true,"javascriptEnabled":true,"loadImages":true,"localToRemoteUrlAccessEnabled":false,"userAgent":"Mozilla/5.0 (Macintosh; Intel Mac OS X) AppleWebKit/538.1 (KHTML, like Gecko) PhantomJS/2.1.1 Safari/538.1","webSecurityEnabled":true}
[INFO  - 2018-09-12T19:05:10.371Z] Session [c538b6f0-b6be-11e8-a1a1-09029b55cd6d] - page.customHeaders:  - {}
[INFO  - 2018-09-12T19:05:10.371Z] Session [c538b6f0-b6be-11e8-a1a1-09029b55cd6d] - Session.negotiatedCapabilities - {"browserName":"phantomjs","version":"2.1.1","driverName":"ghostdriver","driverVersion":"1.2.0","platform":"mac-unknown-64bit","javascriptEnabled":true,"takesScreenshot":true,"handlesAlerts":false,"databaseEnabled":false,"locationContextEnabled":false,"applicationCacheEnabled":false,"browserConnectionEnabled":false,"cssSelectorsEnabled":true,"webStorageEnabled":false,"rotatable":false,"acceptSslCerts":false,"nativeEvents":true,"proxy":{"proxyType":"direct"}}
[INFO  - 2018-09-12T19:05:10.371Z] SessionManagerReqHand - _postNewSessionCommand - New Session Created: c538b6f0-b6be-11e8-a1a1-09029b55cd6d
[ERROR - 2018-09-12T19:05:11.517Z] Session [c36640e0-b6be-11e8-bc74-8d99a7135914] - page.onError - msg: TypeError: undefined is not an object (evaluating 'Krux('get','user_segments').join')
[ERROR - 2018-09-12T19:05:11.518Z] Session [c36640e0-b6be-11e8-bc74-8d99a7135914] - page.onError - stack:
  (anonymous function) (http://www.allocine.fr/:7)
[ERROR - 2018-09-12T19:05:11.520Z] Session [c36640e0-b6be-11e8-bc74-8d99a7135914] - page.onError - msg: TypeError: undefined is not an object (evaluating 'tab_segments.length')
[ERROR - 2018-09-12T19:05:11.520Z] Session [c36640e0-b6be-11e8-bc74-8d99a7135914] - page.onError - stack:
  (anonymous function) (http://www.allocine.fr/:11)
[ERROR - 2018-09-12T19:05:15.301Z] Session [c538b6f0-b6be-11e8-a1a1-09029b55cd6d] - page.onError - msg: TypeError: undefined is not an object (evaluating 'Krux('get','user_segments').join')
[ERROR - 2018-09-12T19:05:15.301Z] Session [c538b6f0-b6be-11e8-a1a1-09029b55cd6d] - page.onError - stack:
  (anonymous function) (http://www.allocine.fr/:7)
[ERROR - 2018-09-12T19:05:15.303Z] Session [c538b6f0-b6be-11e8-a1a1-09029b55cd6d] - page.onError - msg: TypeError: undefined is not an object (evaluating 'tab_segments.length')
[ERROR - 2018-09-12T19:05:15.303Z] Session [c538b6f0-b6be-11e8-a1a1-09029b55cd6d] - page.onError - stack:
  (anonymous function) (http://www.allocine.fr/:11)
[INFO  - 2018-09-12T19:05:18.178Z] SessionManagerReqHand - _cleanupWindowlessSessions - Asynchronous Sessions clean-up phase starting NOW
[INFO  - 2018-09-12T19:05:39.846Z] SessionManagerReqHand - _cleanupWindowlessSessions - Asynchronous Sessions clean-up phase starting NOW
[INFO  - 2018-09-12T19:05:40.126Z] GhostDriver - Main - running on port 47244
[INFO  - 2018-09-12T19:05:40.158Z] Session [d6f9b290-b6be-11e8-be53-e11e670ce7a5] - page.settings - {"XSSAuditingEnabled":false,"javascriptCanCloseWindows":true,"javascriptCanOpenWindows":true,"javascriptEnabled":true,"loadImages":true,"localToRemoteUrlAccessEnabled":false,"userAgent":"Mozilla/5.0 (Macintosh; Intel Mac OS X) AppleWebKit/538.1 (KHTML, like Gecko) PhantomJS/2.1.1 Safari/538.1","webSecurityEnabled":true}
[INFO  - 2018-09-12T19:05:40.158Z] Session [d6f9b290-b6be-11e8-be53-e11e670ce7a5] - page.customHeaders:  - {}
[INFO  - 2018-09-12T19:05:40.158Z] Session [d6f9b290-b6be-11e8-be53-e11e670ce7a5] - Session.negotiatedCapabilities - {"browserName":"phantomjs","version":"2.1.1","driverName":"ghostdriver","driverVersion":"1.2.0","platform":"mac-unknown-64bit","javascriptEnabled":true,"takesScreenshot":true,"handlesAlerts":false,"databaseEnabled":false,"locationContextEnabled":false,"applicationCacheEnabled":false,"browserConnectionEnabled":false,"cssSelectorsEnabled":true,"webStorageEnabled":false,"rotatable":false,"acceptSslCerts":false,"nativeEvents":true,"proxy":{"proxyType":"direct"}}
[INFO  - 2018-09-12T19:05:40.158Z] SessionManagerReqHand - _postNewSessionCommand - New Session Created: d6f9b290-b6be-11e8-be53-e11e670ce7a5
[ERROR - 2018-09-12T19:05:43.991Z] Session [d6f9b290-b6be-11e8-be53-e11e670ce7a5] - page.onError - msg: TypeError: undefined is not an object (evaluating 'Krux('get','user_segments').join')
[ERROR - 2018-09-12T19:05:43.991Z] Session [d6f9b290-b6be-11e8-be53-e11e670ce7a5] - page.onError - stack:
  (anonymous function) (http://www.allocine.fr/:7)
[ERROR - 2018-09-12T19:05:43.993Z] Session [d6f9b290-b6be-11e8-be53-e11e670ce7a5] - page.onError - msg: TypeError: undefined is not an object (evaluating 'tab_segments.length')
[ERROR - 2018-09-12T19:05:43.993Z] Session [d6f9b290-b6be-11e8-be53-e11e670ce7a5] - page.onError - stack:
  (anonymous function) (http://www.allocine.fr/:11)
[INFO  - 2018-09-12T19:05:58.829Z] SessionManagerReqHand - _cleanupWindowlessSessions - Asynchronous Sessions clean-up phase starting NOW
[INFO  - 2018-09-12T19:06:55.240Z] SessionManagerReqHand - _cleanupWindowlessSessions - Asynchronous Sessions clean-up phase starting NOW
[INFO  - 2018-09-12T19:08:07.035Z] SessionManagerReqHand - _cleanupWindowlessSessions - Asynchronous Sessions clean-up phase starting NOW
[INFO  - 2018-09-12T19:08:13.355Z] SessionManagerReqHand - _cleanupWindowlessSessions - Asynchronous Sessions clean-up phase starting NOW
[INFO  - 2018-09-12T19:08:16.360Z] SessionManagerReqHand - _cleanupWindowlessSessions - Asynchronous Sessions clean-up phase starting NOW
[INFO  - 2018-09-12T19:08:27.566Z] SessionManagerReqHand - _cleanupWindowlessSessions - Asynchronous Sessions clean-up phase starting NOW
[INFO  - 2018-09-12T19:08:52.563Z] SessionManagerReqHand - _cleanupWindowlessSessions - Asynchronous Sessions clean-up phase starting NOW
[INFO  - 2018-09-12T19:09:42.266Z] SessionManagerReqHand - _cleanupWindowlessSessions - Asynchronous Sessions clean-up phase starting NOW
[INFO  - 2018-09-12T19:09:42.285Z] SessionManagerReqHand - _cleanupWindowlessSessions - Asynchronous Sessions clean-up phase starting NOW
[INFO  - 2018-09-12T19:09:53.802Z] SessionManagerReqHand - _cleanupWindowlessSessions - Asynchronous Sessions clean-up phase starting NOW
[INFO  - 2018-09-12T19:10:07.279Z] SessionManagerReqHand - _cleanupWindowlessSessions - Asynchronous Sessions clean-up phase starting NOW
[INFO  - 2018-09-12T19:10:09.854Z] SessionManagerReqHand - _cleanupWindowlessSessions - Asynchronous Sessions clean-up phase starting NOW
[INFO  - 2018-09-12T19:10:18.171Z] SessionManagerReqHand - _cleanupWindowlessSessions - Asynchronous Sessions clean-up phase starting NOW
[INFO  - 2018-09-12T19:10:39.839Z] SessionManagerReqHand - _cleanupWindowlessSessions - Asynchronous Sessions clean-up phase starting NOW
[INFO  - 2018-09-12T19:10:40.117Z] SessionManagerReqHand - _cleanupWindowlessSessions - Asynchronous Sessions clean-up phase starting NOW
[INFO  - 2018-09-12T19:10:41.556Z] GhostDriver - Main - running on port 16396
[INFO  - 2018-09-12T19:10:41.574Z] Session [8aa24820-b6bf-11e8-bddf-dd80f59e5ac8] - page.settings - {"XSSAuditingEnabled":false,"javascriptCanCloseWindows":true,"javascriptCanOpenWindows":true,"javascriptEnabled":true,"loadImages":true,"localToRemoteUrlAccessEnabled":false,"userAgent":"Mozilla/5.0 (Macintosh; Intel Mac OS X) AppleWebKit/538.1 (KHTML, like Gecko) PhantomJS/2.1.1 Safari/538.1","webSecurityEnabled":true}
[INFO  - 2018-09-12T19:10:41.574Z] Session [8aa24820-b6bf-11e8-bddf-dd80f59e5ac8] - page.customHeaders:  - {}
[INFO  - 2018-09-12T19:10:41.574Z] Session [8aa24820-b6bf-11e8-bddf-dd80f59e5ac8] - Session.negotiatedCapabilities - {"browserName":"phantomjs","version":"2.1.1","driverName":"ghostdriver","driverVersion":"1.2.0","platform":"mac-unknown-64bit","javascriptEnabled":true,"takesScreenshot":true,"handlesAlerts":false,"databaseEnabled":false,"locationContextEnabled":false,"applicationCacheEnabled":false,"browserConnectionEnabled":false,"cssSelectorsEnabled":true,"webStorageEnabled":false,"rotatable":false,"acceptSslCerts":false,"nativeEvents":true,"proxy":{"proxyType":"direct"}}
[INFO  - 2018-09-12T19:10:41.574Z] SessionManagerReqHand - _postNewSessionCommand - New Session Created: 8aa24820-b6bf-11e8-bddf-dd80f59e5ac8
[ERROR - 2018-09-12T19:10:45.741Z] Session [8aa24820-b6bf-11e8-bddf-dd80f59e5ac8] - page.onError - msg: TypeError: undefined is not an object (evaluating 'Krux('get','user_segments').join')
[ERROR - 2018-09-12T19:10:45.741Z] Session [8aa24820-b6bf-11e8-bddf-dd80f59e5ac8] - page.onError - stack:
  (anonymous function) (http://www.allocine.fr/:7)
[ERROR - 2018-09-12T19:10:45.743Z] Session [8aa24820-b6bf-11e8-bddf-dd80f59e5ac8] - page.onError - msg: TypeError: undefined is not an object (evaluating 'tab_segments.length')
[ERROR - 2018-09-12T19:10:45.743Z] Session [8aa24820-b6bf-11e8-bddf-dd80f59e5ac8] - page.onError - stack:
  (anonymous function) (http://www.allocine.fr/:11)
[INFO  - 2018-09-12T19:10:58.820Z] SessionManagerReqHand - _cleanupWindowlessSessions - Asynchronous Sessions clean-up phase starting NOW
[INFO  - 2018-09-12T19:11:55.231Z] SessionManagerReqHand - _cleanupWindowlessSessions - Asynchronous Sessions clean-up phase starting NOW
[INFO  - 2018-09-12T19:13:07.027Z] SessionManagerReqHand - _cleanupWindowlessSessions - Asynchronous Sessions clean-up phase starting NOW
[INFO  - 2018-09-12T19:13:13.347Z] SessionManagerReqHand - _cleanupWindowlessSessions - Asynchronous Sessions clean-up phase starting NOW
[INFO  - 2018-09-12T19:13:16.350Z] SessionManagerReqHand - _cleanupWindowlessSessions - Asynchronous Sessions clean-up phase starting NOW
[INFO  - 2018-09-12T19:13:27.560Z] SessionManagerReqHand - _cleanupWindowlessSessions - Asynchronous Sessions clean-up phase starting NOW
[INFO  - 2018-09-12T19:13:52.559Z] SessionManagerReqHand - _cleanupWindowlessSessions - Asynchronous Sessions clean-up phase starting NOW
[INFO  - 2018-09-12T19:14:42.257Z] SessionManagerReqHand - _cleanupWindowlessSessions - Asynchronous Sessions clean-up phase starting NOW
[INFO  - 2018-09-12T19:14:42.276Z] SessionManagerReqHand - _cleanupWindowlessSessions - Asynchronous Sessions clean-up phase starting NOW
[INFO  - 2018-09-12T19:14:53.797Z] SessionManagerReqHand - _cleanupWindowlessSessions - Asynchronous Sessions clean-up phase starting NOW
[INFO  - 2018-09-12T19:15:07.270Z] SessionManagerReqHand - _cleanupWindowlessSessions - Asynchronous Sessions clean-up phase starting NOW
[INFO  - 2018-09-12T19:15:09.845Z] SessionManagerReqHand - _cleanupWindowlessSessions - Asynchronous Sessions clean-up phase starting NOW
[INFO  - 2018-09-12T19:15:18.164Z] SessionManagerReqHand - _cleanupWindowlessSessions - Asynchronous Sessions clean-up phase starting NOW
[INFO  - 2018-09-12T19:15:39.831Z] SessionManagerReqHand - _cleanupWindowlessSessions - Asynchronous Sessions clean-up phase starting NOW
[INFO  - 2018-09-12T19:15:40.109Z] SessionManagerReqHand - _cleanupWindowlessSessions - Asynchronous Sessions clean-up phase starting NOW
[INFO  - 2018-09-12T19:15:41.548Z] SessionManagerReqHand - _cleanupWindowlessSessions - Asynchronous Sessions clean-up phase starting NOW
[INFO  - 2018-09-12T19:15:58.810Z] SessionManagerReqHand - _cleanupWindowlessSessions - Asynchronous Sessions clean-up phase starting NOW
[INFO  - 2018-09-12T19:16:55.224Z] SessionManagerReqHand - _cleanupWindowlessSessions - Asynchronous Sessions clean-up phase starting NOW
[INFO  - 2018-09-12T19:18:07.019Z] SessionManagerReqHand - _cleanupWindowlessSessions - Asynchronous Sessions clean-up phase starting NOW
[INFO  - 2018-09-12T19:18:13.338Z] SessionManagerReqHand - _cleanupWindowlessSessions - Asynchronous Sessions clean-up phase starting NOW
[INFO  - 2018-09-12T19:18:16.341Z] SessionManagerReqHand - _cleanupWindowlessSessions - Asynchronous Sessions clean-up phase starting NOW
[INFO  - 2018-09-12T19:18:27.553Z] SessionManagerReqHand - _cleanupWindowlessSessions - Asynchronous Sessions clean-up phase starting NOW
[INFO  - 2018-09-12T19:18:52.549Z] SessionManagerReqHand - _cleanupWindowlessSessions - Asynchronous Sessions clean-up phase starting NOW
[INFO  - 2018-09-12T19:19:42.248Z] SessionManagerReqHand - _cleanupWindowlessSessions - Asynchronous Sessions clean-up phase starting NOW
[INFO  - 2018-09-12T19:19:42.271Z] SessionManagerReqHand - _cleanupWindowlessSessions - Asynchronous Sessions clean-up phase starting NOW
[INFO  - 2018-09-12T19:19:53.794Z] SessionManagerReqHand - _cleanupWindowlessSessions - Asynchronous Sessions clean-up phase starting NOW
[INFO  - 2018-09-12T19:20:07.264Z] SessionManagerReqHand - _cleanupWindowlessSessions - Asynchronous Sessions clean-up phase starting NOW
[INFO  - 2018-09-12T19:20:09.836Z] SessionManagerReqHand - _cleanupWindowlessSessions - Asynchronous Sessions clean-up phase starting NOW
[INFO  - 2018-09-12T19:20:18.156Z] SessionManagerReqHand - _cleanupWindowlessSessions - Asynchronous Sessions clean-up phase starting NOW
[INFO  - 2018-09-12T19:20:39.822Z] SessionManagerReqHand - _cleanupWindowlessSessions - Asynchronous Sessions clean-up phase starting NOW
[INFO  - 2018-09-12T19:20:40.105Z] SessionManagerReqHand - _cleanupWindowlessSessions - Asynchronous Sessions clean-up phase starting NOW
[INFO  - 2018-09-12T19:20:41.539Z] SessionManagerReqHand - _cleanupWindowlessSessions - Asynchronous Sessions clean-up phase starting NOW
[INFO  - 2018-09-12T19:20:58.804Z] SessionManagerReqHand - _cleanupWindowlessSessions - Asynchronous Sessions clean-up phase starting NOW
[INFO  - 2018-09-12T19:21:55.216Z] SessionManagerReqHand - _cleanupWindowlessSessions - Asynchronous Sessions clean-up phase starting NOW
[INFO  - 2018-09-12T19:23:07.011Z] SessionManagerReqHand - _cleanupWindowlessSessions - Asynchronous Sessions clean-up phase starting NOW
[INFO  - 2018-09-12T19:23:13.329Z] SessionManagerReqHand - _cleanupWindowlessSessions - Asynchronous Sessions clean-up phase starting NOW
[INFO  - 2018-09-12T19:23:16.332Z] SessionManagerReqHand - _cleanupWindowlessSessions - Asynchronous Sessions clean-up phase starting NOW
[INFO  - 2018-09-12T19:23:27.546Z] SessionManagerReqHand - _cleanupWindowlessSessions - Asynchronous Sessions clean-up phase starting NOW
[INFO  - 2018-09-12T19:23:52.544Z] SessionManagerReqHand - _cleanupWindowlessSessions - Asynchronous Sessions clean-up phase starting NOW
[INFO  - 2018-09-12T19:24:42.239Z] SessionManagerReqHand - _cleanupWindowlessSessions - Asynchronous Sessions clean-up phase starting NOW
[INFO  - 2018-09-12T19:24:42.263Z] SessionManagerReqHand - _cleanupWindowlessSessions - Asynchronous Sessions clean-up phase starting NOW
[INFO  - 2018-09-12T19:24:53.785Z] SessionManagerReqHand - _cleanupWindowlessSessions - Asynchronous Sessions clean-up phase starting NOW
[INFO  - 2018-09-12T19:25:07.256Z] SessionManagerReqHand - _cleanupWindowlessSessions - Asynchronous Sessions clean-up phase starting NOW
[INFO  - 2018-09-12T19:25:09.827Z] SessionManagerReqHand - _cleanupWindowlessSessions - Asynchronous Sessions clean-up phase starting NOW
[INFO  - 2018-09-12T19:25:18.147Z] SessionManagerReqHand - _cleanupWindowlessSessions - Asynchronous Sessions clean-up phase starting NOW
[INFO  - 2018-09-12T19:25:39.814Z] SessionManagerReqHand - _cleanupWindowlessSessions - Asynchronous Sessions clean-up phase starting NOW
[INFO  - 2018-09-12T19:25:40.100Z] SessionManagerReqHand - _cleanupWindowlessSessions - Asynchronous Sessions clean-up phase starting NOW
[INFO  - 2018-09-12T19:25:41.530Z] SessionManagerReqHand - _cleanupWindowlessSessions - Asynchronous Sessions clean-up phase starting NOW
[INFO  - 2018-09-12T19:25:58.797Z] SessionManagerReqHand - _cleanupWindowlessSessions - Asynchronous Sessions clean-up phase starting NOW
[INFO  - 2018-09-12T19:26:55.207Z] SessionManagerReqHand - _cleanupWindowlessSessions - Asynchronous Sessions clean-up phase starting NOW
[INFO  - 2018-09-12T19:28:07.002Z] SessionManagerReqHand - _cleanupWindowlessSessions - Asynchronous Sessions clean-up phase starting NOW
[INFO  - 2018-09-12T19:28:13.321Z] SessionManagerReqHand - _cleanupWindowlessSessions - Asynchronous Sessions clean-up phase starting NOW
[INFO  - 2018-09-12T19:28:16.324Z] SessionManagerReqHand - _cleanupWindowlessSessions - Asynchronous Sessions clean-up phase starting NOW
[INFO  - 2018-09-12T19:28:27.538Z] SessionManagerReqHand - _cleanupWindowlessSessions - Asynchronous Sessions clean-up phase starting NOW
[INFO  - 2018-09-12T19:28:52.534Z] SessionManagerReqHand - _cleanupWindowlessSessions - Asynchronous Sessions clean-up phase starting NOW
[INFO  - 2018-09-12T19:29:42.234Z] SessionManagerReqHand - _cleanupWindowlessSessions - Asynchronous Sessions clean-up phase starting NOW
[INFO  - 2018-09-12T19:29:42.257Z] SessionManagerReqHand - _cleanupWindowlessSessions - Asynchronous Sessions clean-up phase starting NOW
[INFO  - 2018-09-12T19:29:53.782Z] SessionManagerReqHand - _cleanupWindowlessSessions - Asynchronous Sessions clean-up phase starting NOW
[INFO  - 2018-09-12T19:30:07.247Z] SessionManagerReqHand - _cleanupWindowlessSessions - Asynchronous Sessions clean-up phase starting NOW
[INFO  - 2018-09-12T19:30:09.818Z] SessionManagerReqHand - _cleanupWindowlessSessions - Asynchronous Sessions clean-up phase starting NOW
[INFO  - 2018-09-12T19:30:18.139Z] SessionManagerReqHand - _cleanupWindowlessSessions - Asynchronous Sessions clean-up phase starting NOW
[INFO  - 2018-09-12T19:30:39.806Z] SessionManagerReqHand - _cleanupWindowlessSessions - Asynchronous Sessions clean-up phase starting NOW
[INFO  - 2018-09-12T19:30:40.092Z] SessionManagerReqHand - _cleanupWindowlessSessions - Asynchronous Sessions clean-up phase starting NOW
[INFO  - 2018-09-12T19:30:41.521Z] SessionManagerReqHand - _cleanupWindowlessSessions - Asynchronous Sessions clean-up phase starting NOW
[INFO  - 2018-09-12T19:30:58.789Z] SessionManagerReqHand - _cleanupWindowlessSessions - Asynchronous Sessions clean-up phase starting NOW
[INFO  - 2018-09-12T19:31:55.201Z] SessionManagerReqHand - _cleanupWindowlessSessions - Asynchronous Sessions clean-up phase starting NOW
[INFO  - 2018-09-12T19:33:06.993Z] SessionManagerReqHand - _cleanupWindowlessSessions - Asynchronous Sessions clean-up phase starting NOW
[INFO  - 2018-09-12T19:33:13.314Z] SessionManagerReqHand - _cleanupWindowlessSessions - Asynchronous Sessions clean-up phase starting NOW
[INFO  - 2018-09-12T19:33:16.333Z] SessionManagerReqHand - _cleanupWindowlessSessions - Asynchronous Sessions clean-up phase starting NOW
[INFO  - 2018-09-12T19:33:27.531Z] SessionManagerReqHand - _cleanupWindowlessSessions - Asynchronous Sessions clean-up phase starting NOW
[INFO  - 2018-09-12T19:33:52.525Z] SessionManagerReqHand - _cleanupWindowlessSessions - Asynchronous Sessions clean-up phase starting NOW
[INFO  - 2018-09-12T19:34:42.227Z] SessionManagerReqHand - _cleanupWindowlessSessions - Asynchronous Sessions clean-up phase starting NOW
[INFO  - 2018-09-12T19:34:42.252Z] SessionManagerReqHand - _cleanupWindowlessSessions - Asynchronous Sessions clean-up phase starting NOW
[INFO  - 2018-09-12T19:34:53.776Z] SessionManagerReqHand - _cleanupWindowlessSessions - Asynchronous Sessions clean-up phase starting NOW
[INFO  - 2018-09-12T19:35:07.239Z] SessionManagerReqHand - _cleanupWindowlessSessions - Asynchronous Sessions clean-up phase starting NOW
[INFO  - 2018-09-12T19:35:09.810Z] SessionManagerReqHand - _cleanupWindowlessSessions - Asynchronous Sessions clean-up phase starting NOW
[INFO  - 2018-09-12T19:35:18.130Z] SessionManagerReqHand - _cleanupWindowlessSessions - Asynchronous Sessions clean-up phase starting NOW
[INFO  - 2018-09-12T19:35:39.799Z] SessionManagerReqHand - _cleanupWindowlessSessions - Asynchronous Sessions clean-up phase starting NOW
[INFO  - 2018-09-12T19:35:40.083Z] SessionManagerReqHand - _cleanupWindowlessSessions - Asynchronous Sessions clean-up phase starting NOW
[INFO  - 2018-09-12T19:35:41.512Z] SessionManagerReqHand - _cleanupWindowlessSessions - Asynchronous Sessions clean-up phase starting NOW
[INFO  - 2018-09-12T19:35:58.780Z] SessionManagerReqHand - _cleanupWindowlessSessions - Asynchronous Sessions clean-up phase starting NOW
[INFO  - 2018-09-12T19:36:55.195Z] SessionManagerReqHand - _cleanupWindowlessSessions - Asynchronous Sessions clean-up phase starting NOW
[INFO  - 2018-09-12T19:38:06.985Z] SessionManagerReqHand - _cleanupWindowlessSessions - Asynchronous Sessions clean-up phase starting NOW
[INFO  - 2018-09-12T19:38:13.308Z] SessionManagerReqHand - _cleanupWindowlessSessions - Asynchronous Sessions clean-up phase starting NOW
[INFO  - 2018-09-12T19:38:16.324Z] SessionManagerReqHand - _cleanupWindowlessSessions - Asynchronous Sessions clean-up phase starting NOW
[INFO  - 2018-09-12T19:38:27.525Z] SessionManagerReqHand - _cleanupWindowlessSessions - Asynchronous Sessions clean-up phase starting NOW
[INFO  - 2018-09-12T19:38:52.517Z] SessionManagerReqHand - _cleanupWindowlessSessions - Asynchronous Sessions clean-up phase starting NOW
[INFO  - 2018-09-12T19:39:42.219Z] SessionManagerReqHand - _cleanupWindowlessSessions - Asynchronous Sessions clean-up phase starting NOW
[INFO  - 2018-09-12T19:39:42.249Z] SessionManagerReqHand - _cleanupWindowlessSessions - Asynchronous Sessions clean-up phase starting NOW
[INFO  - 2018-09-12T19:39:53.767Z] SessionManagerReqHand - _cleanupWindowlessSessions - Asynchronous Sessions clean-up phase starting NOW
[INFO  - 2018-09-12T19:40:07.231Z] SessionManagerReqHand - _cleanupWindowlessSessions - Asynchronous Sessions clean-up phase starting NOW
[INFO  - 2018-09-12T19:40:09.801Z] SessionManagerReqHand - _cleanupWindowlessSessions - Asynchronous Sessions clean-up phase starting NOW
[INFO  - 2018-09-12T19:57:22.974Z] GhostDriver - Main - running on port 39109
[INFO  - 2018-09-12T19:57:22.983Z] GhostDriver - Main - running on port 35835
[INFO  - 2018-09-12T19:57:22.997Z] Session [10698210-b6c6-11e8-aa22-5d6042a5444b] - page.settings - {"XSSAuditingEnabled":false,"javascriptCanCloseWindows":true,"javascriptCanOpenWindows":true,"javascriptEnabled":true,"loadImages":true,"localToRemoteUrlAccessEnabled":false,"userAgent":"Mozilla/5.0 (Macintosh; Intel Mac OS X) AppleWebKit/538.1 (KHTML, like Gecko) PhantomJS/2.1.1 Safari/538.1","webSecurityEnabled":true}
[INFO  - 2018-09-12T19:57:22.997Z] Session [10698210-b6c6-11e8-aa22-5d6042a5444b] - page.customHeaders:  - {}
[INFO  - 2018-09-12T19:57:22.997Z] Session [10698210-b6c6-11e8-aa22-5d6042a5444b] - Session.negotiatedCapabilities - {"browserName":"phantomjs","version":"2.1.1","driverName":"ghostdriver","driverVersion":"1.2.0","platform":"mac-unknown-64bit","javascriptEnabled":true,"takesScreenshot":true,"handlesAlerts":false,"databaseEnabled":false,"locationContextEnabled":false,"applicationCacheEnabled":false,"browserConnectionEnabled":false,"cssSelectorsEnabled":true,"webStorageEnabled":false,"rotatable":false,"acceptSslCerts":false,"nativeEvents":true,"proxy":{"proxyType":"direct"}}
[INFO  - 2018-09-12T19:57:22.997Z] SessionManagerReqHand - _postNewSessionCommand - New Session Created: 10698210-b6c6-11e8-aa22-5d6042a5444b
[INFO  - 2018-09-12T19:57:23.495Z] Session [10b57f30-b6c6-11e8-9c1e-671dfcefe431] - page.settings - {"XSSAuditingEnabled":false,"javascriptCanCloseWindows":true,"javascriptCanOpenWindows":true,"javascriptEnabled":true,"loadImages":true,"localToRemoteUrlAccessEnabled":false,"userAgent":"Mozilla/5.0 (Macintosh; Intel Mac OS X) AppleWebKit/538.1 (KHTML, like Gecko) PhantomJS/2.1.1 Safari/538.1","webSecurityEnabled":true}
[INFO  - 2018-09-12T19:57:23.495Z] Session [10b57f30-b6c6-11e8-9c1e-671dfcefe431] - page.customHeaders:  - {}
[INFO  - 2018-09-12T19:57:23.495Z] Session [10b57f30-b6c6-11e8-9c1e-671dfcefe431] - Session.negotiatedCapabilities - {"browserName":"phantomjs","version":"2.1.1","driverName":"ghostdriver","driverVersion":"1.2.0","platform":"mac-unknown-64bit","javascriptEnabled":true,"takesScreenshot":true,"handlesAlerts":false,"databaseEnabled":false,"locationContextEnabled":false,"applicationCacheEnabled":false,"browserConnectionEnabled":false,"cssSelectorsEnabled":true,"webStorageEnabled":false,"rotatable":false,"acceptSslCerts":false,"nativeEvents":true,"proxy":{"proxyType":"direct"}}
[INFO  - 2018-09-12T19:57:23.496Z] SessionManagerReqHand - _postNewSessionCommand - New Session Created: 10b57f30-b6c6-11e8-9c1e-671dfcefe431
[ERROR - 2018-09-12T19:57:28.875Z] Session [10698210-b6c6-11e8-aa22-5d6042a5444b] - page.onError - msg: TypeError: undefined is not an object (evaluating 'Krux('get','user_segments').join')
[ERROR - 2018-09-12T19:57:28.875Z] Session [10698210-b6c6-11e8-aa22-5d6042a5444b] - page.onError - stack:
  (anonymous function) (http://www.allocine.fr/:7)
[ERROR - 2018-09-12T19:57:28.877Z] Session [10698210-b6c6-11e8-aa22-5d6042a5444b] - page.onError - msg: TypeError: undefined is not an object (evaluating 'tab_segments.length')
[ERROR - 2018-09-12T19:57:28.877Z] Session [10698210-b6c6-11e8-aa22-5d6042a5444b] - page.onError - stack:
  (anonymous function) (http://www.allocine.fr/:11)
[ERROR - 2018-09-12T19:57:29.059Z] Session [10b57f30-b6c6-11e8-9c1e-671dfcefe431] - page.onError - msg: TypeError: undefined is not an object (evaluating 'Krux('get','user_segments').join')
[ERROR - 2018-09-12T19:57:29.059Z] Session [10b57f30-b6c6-11e8-9c1e-671dfcefe431] - page.onError - stack:
  (anonymous function) (http://www.allocine.fr/:7)
[ERROR - 2018-09-12T19:57:29.062Z] Session [10b57f30-b6c6-11e8-9c1e-671dfcefe431] - page.onError - msg: TypeError: undefined is not an object (evaluating 'tab_segments.length')
[ERROR - 2018-09-12T19:57:29.062Z] Session [10b57f30-b6c6-11e8-9c1e-671dfcefe431] - page.onError - stack:
  (anonymous function) (http://www.allocine.fr/:11)
[INFO  - 2018-09-12T19:57:36.489Z] GhostDriver - Main - running on port 31997
[INFO  - 2018-09-12T19:57:36.967Z] Session [18bd2930-b6c6-11e8-ac7e-77d4f0f76bef] - page.settings - {"XSSAuditingEnabled":false,"javascriptCanCloseWindows":true,"javascriptCanOpenWindows":true,"javascriptEnabled":true,"loadImages":true,"localToRemoteUrlAccessEnabled":false,"userAgent":"Mozilla/5.0 (Macintosh; Intel Mac OS X) AppleWebKit/538.1 (KHTML, like Gecko) PhantomJS/2.1.1 Safari/538.1","webSecurityEnabled":true}
[INFO  - 2018-09-12T19:57:36.967Z] Session [18bd2930-b6c6-11e8-ac7e-77d4f0f76bef] - page.customHeaders:  - {}
[INFO  - 2018-09-12T19:57:36.967Z] Session [18bd2930-b6c6-11e8-ac7e-77d4f0f76bef] - Session.negotiatedCapabilities - {"browserName":"phantomjs","version":"2.1.1","driverName":"ghostdriver","driverVersion":"1.2.0","platform":"mac-unknown-64bit","javascriptEnabled":true,"takesScreenshot":true,"handlesAlerts":false,"databaseEnabled":false,"locationContextEnabled":false,"applicationCacheEnabled":false,"browserConnectionEnabled":false,"cssSelectorsEnabled":true,"webStorageEnabled":false,"rotatable":false,"acceptSslCerts":false,"nativeEvents":true,"proxy":{"proxyType":"direct"}}
[INFO  - 2018-09-12T19:57:36.967Z] SessionManagerReqHand - _postNewSessionCommand - New Session Created: 18bd2930-b6c6-11e8-ac7e-77d4f0f76bef
[ERROR - 2018-09-12T19:57:41.518Z] Session [18bd2930-b6c6-11e8-ac7e-77d4f0f76bef] - page.onError - msg: TypeError: undefined is not an object (evaluating 'Krux('get','user_segments').join')
[ERROR - 2018-09-12T19:57:41.518Z] Session [18bd2930-b6c6-11e8-ac7e-77d4f0f76bef] - page.onError - stack:
  (anonymous function) (http://www.allocine.fr/:7)
[ERROR - 2018-09-12T19:57:41.520Z] Session [18bd2930-b6c6-11e8-ac7e-77d4f0f76bef] - page.onError - msg: TypeError: undefined is not an object (evaluating 'tab_segments.length')
[ERROR - 2018-09-12T19:57:41.521Z] Session [18bd2930-b6c6-11e8-ac7e-77d4f0f76bef] - page.onError - stack:
  (anonymous function) (http://www.allocine.fr/:11)
[INFO  - 2018-09-12T19:57:52.318Z] GhostDriver - Main - running on port 35712
[INFO  - 2018-09-12T19:57:52.826Z] Session [2230e650-b6c6-11e8-bb1c-bf94fc444bf0] - page.settings - {"XSSAuditingEnabled":false,"javascriptCanCloseWindows":true,"javascriptCanOpenWindows":true,"javascriptEnabled":true,"loadImages":true,"localToRemoteUrlAccessEnabled":false,"userAgent":"Mozilla/5.0 (Macintosh; Intel Mac OS X) AppleWebKit/538.1 (KHTML, like Gecko) PhantomJS/2.1.1 Safari/538.1","webSecurityEnabled":true}
[INFO  - 2018-09-12T19:57:52.826Z] Session [2230e650-b6c6-11e8-bb1c-bf94fc444bf0] - page.customHeaders:  - {}
[INFO  - 2018-09-12T19:57:52.826Z] Session [2230e650-b6c6-11e8-bb1c-bf94fc444bf0] - Session.negotiatedCapabilities - {"browserName":"phantomjs","version":"2.1.1","driverName":"ghostdriver","driverVersion":"1.2.0","platform":"mac-unknown-64bit","javascriptEnabled":true,"takesScreenshot":true,"handlesAlerts":false,"databaseEnabled":false,"locationContextEnabled":false,"applicationCacheEnabled":false,"browserConnectionEnabled":false,"cssSelectorsEnabled":true,"webStorageEnabled":false,"rotatable":false,"acceptSslCerts":false,"nativeEvents":true,"proxy":{"proxyType":"direct"}}
[INFO  - 2018-09-12T19:57:52.826Z] SessionManagerReqHand - _postNewSessionCommand - New Session Created: 2230e650-b6c6-11e8-bb1c-bf94fc444bf0
[INFO  - 2018-09-12T19:57:53.642Z] GhostDriver - Main - running on port 16973
[INFO  - 2018-09-12T19:57:54.134Z] Session [22f8a320-b6c6-11e8-8c2b-fdc415b4ecbf] - page.settings - {"XSSAuditingEnabled":false,"javascriptCanCloseWindows":true,"javascriptCanOpenWindows":true,"javascriptEnabled":true,"loadImages":true,"localToRemoteUrlAccessEnabled":false,"userAgent":"Mozilla/5.0 (Macintosh; Intel Mac OS X) AppleWebKit/538.1 (KHTML, like Gecko) PhantomJS/2.1.1 Safari/538.1","webSecurityEnabled":true}
[INFO  - 2018-09-12T19:57:54.134Z] Session [22f8a320-b6c6-11e8-8c2b-fdc415b4ecbf] - page.customHeaders:  - {}
[INFO  - 2018-09-12T19:57:54.134Z] Session [22f8a320-b6c6-11e8-8c2b-fdc415b4ecbf] - Session.negotiatedCapabilities - {"browserName":"phantomjs","version":"2.1.1","driverName":"ghostdriver","driverVersion":"1.2.0","platform":"mac-unknown-64bit","javascriptEnabled":true,"takesScreenshot":true,"handlesAlerts":false,"databaseEnabled":false,"locationContextEnabled":false,"applicationCacheEnabled":false,"browserConnectionEnabled":false,"cssSelectorsEnabled":true,"webStorageEnabled":false,"rotatable":false,"acceptSslCerts":false,"nativeEvents":true,"proxy":{"proxyType":"direct"}}
[INFO  - 2018-09-12T19:57:54.134Z] SessionManagerReqHand - _postNewSessionCommand - New Session Created: 22f8a320-b6c6-11e8-8c2b-fdc415b4ecbf
[ERROR - 2018-09-12T19:57:57.994Z] Session [22f8a320-b6c6-11e8-8c2b-fdc415b4ecbf] - page.onError - msg: TypeError: undefined is not an object (evaluating 'Krux('get','user_segments').join')
[ERROR - 2018-09-12T19:57:57.994Z] Session [22f8a320-b6c6-11e8-8c2b-fdc415b4ecbf] - page.onError - stack:
  (anonymous function) (http://www.allocine.fr/:7)
[ERROR - 2018-09-12T19:57:57.996Z] Session [22f8a320-b6c6-11e8-8c2b-fdc415b4ecbf] - page.onError - msg: TypeError: undefined is not an object (evaluating 'tab_segments.length')
[ERROR - 2018-09-12T19:57:57.996Z] Session [22f8a320-b6c6-11e8-8c2b-fdc415b4ecbf] - page.onError - stack:
  (anonymous function) (http://www.allocine.fr/:11)
[ERROR - 2018-09-12T19:57:58.954Z] Session [2230e650-b6c6-11e8-bb1c-bf94fc444bf0] - page.onError - msg: TypeError: undefined is not an object (evaluating 'Krux('get','user_segments').join')
[ERROR - 2018-09-12T19:57:58.954Z] Session [2230e650-b6c6-11e8-bb1c-bf94fc444bf0] - page.onError - stack:
  (anonymous function) (http://www.allocine.fr/:7)
[ERROR - 2018-09-12T19:57:58.956Z] Session [2230e650-b6c6-11e8-bb1c-bf94fc444bf0] - page.onError - msg: TypeError: undefined is not an object (evaluating 'tab_segments.length')
[ERROR - 2018-09-12T19:57:58.956Z] Session [2230e650-b6c6-11e8-bb1c-bf94fc444bf0] - page.onError - stack:
  (anonymous function) (http://www.allocine.fr/:11)
[INFO  - 2018-09-12T20:02:22.965Z] SessionManagerReqHand - _cleanupWindowlessSessions - Asynchronous Sessions clean-up phase starting NOW
[INFO  - 2018-09-12T20:02:22.974Z] SessionManagerReqHand - _cleanupWindowlessSessions - Asynchronous Sessions clean-up phase starting NOW
[INFO  - 2018-09-12T20:02:36.483Z] SessionManagerReqHand - _cleanupWindowlessSessions - Asynchronous Sessions clean-up phase starting NOW
[INFO  - 2018-09-12T20:02:52.312Z] SessionManagerReqHand - _cleanupWindowlessSessions - Asynchronous Sessions clean-up phase starting NOW
[INFO  - 2018-09-12T20:02:53.632Z] SessionManagerReqHand - _cleanupWindowlessSessions - Asynchronous Sessions clean-up phase starting NOW
[INFO  - 2018-09-12T20:07:22.958Z] SessionManagerReqHand - _cleanupWindowlessSessions - Asynchronous Sessions clean-up phase starting NOW
[INFO  - 2018-09-12T20:07:22.965Z] SessionManagerReqHand - _cleanupWindowlessSessions - Asynchronous Sessions clean-up phase starting NOW
[INFO  - 2018-09-12T20:07:36.475Z] SessionManagerReqHand - _cleanupWindowlessSessions - Asynchronous Sessions clean-up phase starting NOW
[INFO  - 2018-09-12T20:07:52.306Z] SessionManagerReqHand - _cleanupWindowlessSessions - Asynchronous Sessions clean-up phase starting NOW
[INFO  - 2018-09-12T20:07:53.624Z] SessionManagerReqHand - _cleanupWindowlessSessions - Asynchronous Sessions clean-up phase starting NOW
[INFO  - 2018-09-12T20:12:22.951Z] SessionManagerReqHand - _cleanupWindowlessSessions - Asynchronous Sessions clean-up phase starting NOW
[INFO  - 2018-09-12T20:12:22.956Z] SessionManagerReqHand - _cleanupWindowlessSessions - Asynchronous Sessions clean-up phase starting NOW
[INFO  - 2018-09-12T20:12:36.469Z] SessionManagerReqHand - _cleanupWindowlessSessions - Asynchronous Sessions clean-up phase starting NOW
[INFO  - 2018-09-12T20:12:52.303Z] SessionManagerReqHand - _cleanupWindowlessSessions - Asynchronous Sessions clean-up phase starting NOW
[INFO  - 2018-09-12T20:12:53.616Z] SessionManagerReqHand - _cleanupWindowlessSessions - Asynchronous Sessions clean-up phase starting NOW
[INFO  - 2018-09-12T20:17:22.942Z] SessionManagerReqHand - _cleanupWindowlessSessions - Asynchronous Sessions clean-up phase starting NOW
[INFO  - 2018-09-12T20:17:22.947Z] SessionManagerReqHand - _cleanupWindowlessSessions - Asynchronous Sessions clean-up phase starting NOW
[INFO  - 2018-09-12T20:17:36.460Z] SessionManagerReqHand - _cleanupWindowlessSessions - Asynchronous Sessions clean-up phase starting NOW
[INFO  - 2018-09-12T20:17:52.294Z] SessionManagerReqHand - _cleanupWindowlessSessions - Asynchronous Sessions clean-up phase starting NOW
[INFO  - 2018-09-12T20:17:53.607Z] SessionManagerReqHand - _cleanupWindowlessSessions - Asynchronous Sessions clean-up phase starting NOW
[INFO  - 2018-09-12T20:22:22.934Z] SessionManagerReqHand - _cleanupWindowlessSessions - Asynchronous Sessions clean-up phase starting NOW
[INFO  - 2018-09-12T20:22:22.939Z] SessionManagerReqHand - _cleanupWindowlessSessions - Asynchronous Sessions clean-up phase starting NOW
[INFO  - 2018-09-12T20:22:36.452Z] SessionManagerReqHand - _cleanupWindowlessSessions - Asynchronous Sessions clean-up phase starting NOW
[INFO  - 2018-09-12T20:22:52.285Z] SessionManagerReqHand - _cleanupWindowlessSessions - Asynchronous Sessions clean-up phase starting NOW
[INFO  - 2018-09-12T20:22:53.601Z] SessionManagerReqHand - _cleanupWindowlessSessions - Asynchronous Sessions clean-up phase starting NOW
